[2022-01-05 04:58:48] [CarinaListener.java] [1] [INFO] 
============= Test configuration =============
url=https://www.gsmarena.com/
env=DEMO
selenium_url=http://localhost:9515
max_driver_count=3
proxy_protocols=http,https,ftp
browsermob_port=0
auto_screenshot=true
explicit_timeout=20
retry_interval=5
project_report_directory=./reports
max_screen_history=10
big_screen_width=-1
big_screen_height=-1
init_retry_count=0
init_retry_interval=1
retry_count=0
locale=en_US
thread_count=-1
data_provider_thread_count=-1
core_log_level=INFO
core_log_packages=com.qaprosoft.carina.core
log_all_json=true
date_format=HH:mm:ss yyyy-MM-dd
time_format=HH:mm:ss
test_naming_pattern={method_name}
element_loading_strategy=BY_PRESENCE_OR_VISIBILITY
page_opening_strategy=BY_URL_AND_ELEMENT
localization_encoding=UTF-8
localization_testing=false
default_device_timezone=GMT
default_device_time_format=24
default_device_language=en_US
selenium_url=http://localhost:9515

------------- Driver capabilities -----------
capabilities.browserName=CHROME
================================================

[2022-01-05 04:58:49] [TestRunRegistrar.java] [1] [WARN] Reporting disabled: using no op test run registrar
[2022-01-05 04:58:50] [Reflections.java] [1] [INFO] Reflections took 1130 ms to scan 8 urls, producing 2329 keys and 11335 values 
[2022-01-05 04:58:50] [FilterTestsListener.java] [1] [INFO] There are no any rules and limitations
[2022-01-05 04:58:50] [CarinaListener.java] [1] [INFO] Set thread-count=1
[2022-01-05 04:58:50] [CarinaListener.java] [1] [INFO] Set data-provider-thread-count=1
[2022-01-05 04:58:50] [CarinaListener.java] [1] [INFO] CARINA_CORE_VERSION: 7.2.13
[2022-01-05 04:58:50] [TestRunRegistrar.java] [1] [WARN] Reporting disabled: using no op test run registrar
[2022-01-05 04:58:50] [IMessager.java] [1] [ERROR] TEST [gsm-project - validateEmptyPasswordLogin] FAILED at [16:58:50 2022-01-05] - 
Cannot inject @Test annotated Method [validateEmptyPasswordLogin] with [interface org.openqa.selenium.WebDriver].
For more information on native dependency injection please refer to https://testng.org/doc/documentation-main.html#native-dependency-injection

org.testng.internal.Parameters.checkParameterTypes(Parameters.java:439)
org.testng.internal.Parameters.createParametersForMethod(Parameters.java:353)
org.testng.internal.Parameters.createParameters(Parameters.java:708)
org.testng.internal.Parameters.handleParameters(Parameters.java:884)
org.testng.internal.Parameters.handleParameters(Parameters.java:740)
org.testng.internal.ParameterHandler.handleParameters(ParameterHandler.java:59)
org.testng.internal.ParameterHandler.createParameters(ParameterHandler.java:38)
org.testng.internal.TestInvoker$MethodInvocationAgent.invoke(TestInvoker.java:791)
org.testng.internal.TestInvoker.invokeTestMethods(TestInvoker.java:146)
org.testng.internal.TestMethodWorker.invokeTestMethods(TestMethodWorker.java:146)
org.testng.internal.TestMethodWorker.run(TestMethodWorker.java:128)
java.base/java.util.ArrayList.forEach(ArrayList.java:1541)
org.testng.TestRunner.privateRun(TestRunner.java:794)
org.testng.TestRunner.run(TestRunner.java:596)
org.testng.SuiteRunner.runTest(SuiteRunner.java:377)
org.testng.SuiteRunner.runSequentially(SuiteRunner.java:371)
org.testng.SuiteRunner.privateRun(SuiteRunner.java:332)
org.testng.SuiteRunner.run(SuiteRunner.java:276)
org.testng.SuiteRunnerWorker.runSuite(SuiteRunnerWorker.java:53)
org.testng.SuiteRunnerWorker.run(SuiteRunnerWorker.java:96)
org.testng.TestNG.runSuitesSequentially(TestNG.java:1212)
org.testng.TestNG.runSuitesLocally(TestNG.java:1134)
org.testng.TestNG.runSuites(TestNG.java:1063)
org.testng.TestNG.run(TestNG.java:1031)
com.intellij.rt.testng.IDEARemoteTestNG.run(IDEARemoteTestNG.java:66)
com.intellij.rt.testng.RemoteTestNGStarter.main(RemoteTestNGStarter.java:109)
