[2022-01-06 04:32:00] [CarinaListener.java] [1] [INFO] 
============= Test configuration =============
url=https://www.gsmarena.com/
env=DEMO
selenium_url=http://localhost:9515
max_driver_count=3
proxy_protocols=http,https,ftp
browsermob_port=0
auto_screenshot=true
explicit_timeout=20
retry_interval=5
project_report_directory=./reports
max_screen_history=10
big_screen_width=-1
big_screen_height=-1
init_retry_count=0
init_retry_interval=1
retry_count=0
locale=en_US
thread_count=-1
data_provider_thread_count=-1
core_log_level=INFO
core_log_packages=com.qaprosoft.carina.core
log_all_json=true
date_format=HH:mm:ss yyyy-MM-dd
time_format=HH:mm:ss
test_naming_pattern={method_name}
element_loading_strategy=BY_PRESENCE_OR_VISIBILITY
page_opening_strategy=BY_URL_AND_ELEMENT
localization_encoding=UTF-8
localization_testing=false
default_device_timezone=GMT
default_device_time_format=24
default_device_language=en_US
selenium_url=http://localhost:9515

------------- Driver capabilities -----------
capabilities.browserName=CHROME
================================================

[2022-01-06 04:32:01] [TestRunRegistrar.java] [1] [WARN] Reporting disabled: using no op test run registrar
[2022-01-06 04:32:02] [Reflections.java] [1] [INFO] Reflections took 1345 ms to scan 8 urls, producing 2329 keys and 11334 values 
[2022-01-06 04:32:03] [FilterTestsListener.java] [1] [INFO] There are no any rules and limitations
[2022-01-06 04:32:03] [CarinaListener.java] [1] [INFO] Set thread-count=1
[2022-01-06 04:32:03] [CarinaListener.java] [1] [INFO] Set data-provider-thread-count=1
[2022-01-06 04:32:03] [CarinaListener.java] [1] [INFO] CARINA_CORE_VERSION: 7.2.13
[2022-01-06 04:32:03] [TestRunRegistrar.java] [1] [WARN] Reporting disabled: using no op test run registrar
[2022-01-06 04:32:03] [TestRunRegistrar.java] [1] [WARN] Reporting disabled: using no op test run registrar
[2022-01-06 04:32:03] [IMessager.java] [1] [INFO] TEST [gsm-project - loginSuccesful] STARTED at [16:32:03 2022-01-06]
[2022-01-06 04:32:24] [DriverListener.java] [1] [INFO] PASS: element 'loginButton1' is clicked.
[2022-01-06 04:32:26] [DriverListener.java] [1] [INFO] PASS: keys cleared in element 'emailField'.
[2022-01-06 04:32:28] [DriverListener.java] [1] [INFO] PASS: keys 'tbrainovich@solvd.com' are sent to element 'emailField'.
[2022-01-06 04:32:30] [DriverListener.java] [1] [INFO] PASS: keys cleared in element 'passwordField'.
[2022-01-06 04:32:32] [DriverListener.java] [1] [INFO] PASS: keys 'tomasb10' are sent to element 'passwordField'.
[2022-01-06 04:32:36] [DriverListener.java] [1] [INFO] PASS: element 'signInButton' is clicked.
[2022-01-06 04:32:39] [IMessager.java] [1] [ERROR] TEST [gsm-project - loginSuccesful] FAILED at [16:32:39 2022-01-06] - [] WebDriver not initialized, check log files for details!

com.qaprosoft.carina.core.foundation.webdriver.DriverHelper.<init>(DriverHelper.java:111)
com.qaprosoft.carina.core.gui.AbstractUIObject.<init>(AbstractUIObject.java:68)
com.qaprosoft.carina.core.gui.AbstractUIObject.<init>(AbstractUIObject.java:52)
com.qaprosoft.carina.core.gui.AbstractPage.<init>(AbstractPage.java:55)
com.solvd.pages.SignInPage.<init>(SignInPage.java:25)
com.solvd.pages.HomePage.clickSignInButton(HomePage.java:55)
services.LogInUtils.succesfulLogin(LogInUtils.java:23)
tests.GsmTests.loginSuccesful(GsmTests.java:26)
java.base/jdk.internal.reflect.NativeMethodAccessorImpl.invoke0(Native Method)
java.base/jdk.internal.reflect.NativeMethodAccessorImpl.invoke(NativeMethodAccessorImpl.java:62)
java.base/jdk.internal.reflect.DelegatingMethodAccessorImpl.invoke(DelegatingMethodAccessorImpl.java:43)
java.base/java.lang.reflect.Method.invoke(Method.java:566)
org.testng.internal.MethodInvocationHelper.invokeMethod(MethodInvocationHelper.java:133)
org.testng.internal.TestInvoker.invokeMethod(TestInvoker.java:598)
org.testng.internal.TestInvoker.invokeTestMethod(TestInvoker.java:173)
org.testng.internal.MethodRunner.runInSequence(MethodRunner.java:46)
org.testng.internal.TestInvoker$MethodInvocationAgent.invoke(TestInvoker.java:824)
org.testng.internal.TestInvoker.invokeTestMethods(TestInvoker.java:146)
org.testng.internal.TestMethodWorker.invokeTestMethods(TestMethodWorker.java:146)
org.testng.internal.TestMethodWorker.run(TestMethodWorker.java:128)
java.base/java.util.ArrayList.forEach(ArrayList.java:1541)
org.testng.TestRunner.privateRun(TestRunner.java:794)
org.testng.TestRunner.run(TestRunner.java:596)
org.testng.SuiteRunner.runTest(SuiteRunner.java:377)
org.testng.SuiteRunner.runSequentially(SuiteRunner.java:371)
org.testng.SuiteRunner.privateRun(SuiteRunner.java:332)
org.testng.SuiteRunner.run(SuiteRunner.java:276)
org.testng.SuiteRunnerWorker.runSuite(SuiteRunnerWorker.java:53)
org.testng.SuiteRunnerWorker.run(SuiteRunnerWorker.java:96)
org.testng.TestNG.runSuitesSequentially(TestNG.java:1212)
org.testng.TestNG.runSuitesLocally(TestNG.java:1134)
org.testng.TestNG.runSuites(TestNG.java:1063)
org.testng.TestNG.run(TestNG.java:1031)
com.intellij.rt.testng.IDEARemoteTestNG.run(IDEARemoteTestNG.java:66)
com.intellij.rt.testng.RemoteTestNGStarter.main(RemoteTestNGStarter.java:109)
