[2022-01-06 06:49:38] [CarinaListener.java] [1] [INFO] 
============= Test configuration =============
url=https://www.gsmarena.com/
env=DEMO
selenium_url=http://localhost:9515
max_driver_count=3
proxy_protocols=http,https,ftp
browsermob_port=0
auto_screenshot=true
explicit_timeout=20
retry_interval=5
project_report_directory=./reports
max_screen_history=10
big_screen_width=-1
big_screen_height=-1
init_retry_count=0
init_retry_interval=1
retry_count=0
locale=en_US
thread_count=-1
data_provider_thread_count=-1
core_log_level=INFO
core_log_packages=com.qaprosoft.carina.core
log_all_json=true
date_format=HH:mm:ss yyyy-MM-dd
time_format=HH:mm:ss
test_naming_pattern={method_name}
element_loading_strategy=BY_PRESENCE_OR_VISIBILITY
page_opening_strategy=BY_URL_AND_ELEMENT
localization_encoding=UTF-8
localization_testing=false
default_device_timezone=GMT
default_device_time_format=24
default_device_language=en_US
selenium_url=http://localhost:9515

------------- Driver capabilities -----------
capabilities.browserName=CHROME
================================================

[2022-01-06 06:49:38] [TestRunRegistrar.java] [1] [WARN] Reporting disabled: using no op test run registrar
[2022-01-06 06:49:40] [Reflections.java] [1] [INFO] Reflections took 1103 ms to scan 8 urls, producing 2330 keys and 11335 values 
[2022-01-06 06:49:40] [FilterTestsListener.java] [1] [INFO] There are no any rules and limitations
[2022-01-06 06:49:40] [CarinaListener.java] [1] [INFO] Set thread-count=1
[2022-01-06 06:49:40] [CarinaListener.java] [1] [INFO] Set data-provider-thread-count=1
[2022-01-06 06:49:40] [CarinaListener.java] [1] [INFO] CARINA_CORE_VERSION: 7.2.13
[2022-01-06 06:49:40] [TestRunRegistrar.java] [1] [WARN] Reporting disabled: using no op test run registrar
[2022-01-06 06:49:40] [TestRunRegistrar.java] [1] [WARN] Reporting disabled: using no op test run registrar
[2022-01-06 06:49:40] [IMessager.java] [1] [INFO] TEST [gsm-project - assertWelcomeMessage] STARTED at [18:49:40 2022-01-06]
[2022-01-06 06:50:03] [DriverHelper.java] [1] [ERROR] Unable to open url during 20sec!
[2022-01-06 06:50:03] [IMessager.java] [1] [ERROR] TEST [gsm-project - assertWelcomeMessage] FAILED at [18:50:03 2022-01-06] - Unable to open url during 20sec!

org.testng.Assert.fail(Assert.java:87)
com.qaprosoft.carina.core.foundation.webdriver.DriverHelper.openURL(DriverHelper.java:167)
com.qaprosoft.carina.core.foundation.webdriver.DriverHelper.openURL(DriverHelper.java:130)
com.qaprosoft.carina.core.foundation.webdriver.DriverHelper.open(DriverHelper.java:120)
com.solvd.pages.HomePage.<init>(HomePage.java:44)
services.SignUpUtils.goToSignUpPage(SignUpUtils.java:14)
services.SignUpUtils.succesfulSignUp(SignUpUtils.java:21)
tests.GsmTests.assertWelcomeMessage(GsmTests.java:21)
java.base/jdk.internal.reflect.NativeMethodAccessorImpl.invoke0(Native Method)
java.base/jdk.internal.reflect.NativeMethodAccessorImpl.invoke(NativeMethodAccessorImpl.java:62)
java.base/jdk.internal.reflect.DelegatingMethodAccessorImpl.invoke(DelegatingMethodAccessorImpl.java:43)
java.base/java.lang.reflect.Method.invoke(Method.java:566)
org.testng.internal.MethodInvocationHelper.invokeMethod(MethodInvocationHelper.java:133)
org.testng.internal.TestInvoker.invokeMethod(TestInvoker.java:598)
org.testng.internal.TestInvoker.invokeTestMethod(TestInvoker.java:173)
org.testng.internal.MethodRunner.runInSequence(MethodRunner.java:46)
org.testng.internal.TestInvoker$MethodInvocationAgent.invoke(TestInvoker.java:824)
org.testng.internal.TestInvoker.invokeTestMethods(TestInvoker.java:146)
org.testng.internal.TestMethodWorker.invokeTestMethods(TestMethodWorker.java:146)
org.testng.internal.TestMethodWorker.run(TestMethodWorker.java:128)
java.base/java.util.ArrayList.forEach(ArrayList.java:1541)
org.testng.TestRunner.privateRun(TestRunner.java:794)
org.testng.TestRunner.run(TestRunner.java:596)
org.testng.SuiteRunner.runTest(SuiteRunner.java:377)
org.testng.SuiteRunner.runSequentially(SuiteRunner.java:371)
org.testng.SuiteRunner.privateRun(SuiteRunner.java:332)
org.testng.SuiteRunner.run(SuiteRunner.java:276)
org.testng.SuiteRunnerWorker.runSuite(SuiteRunnerWorker.java:53)
org.testng.SuiteRunnerWorker.run(SuiteRunnerWorker.java:96)
org.testng.TestNG.runSuitesSequentially(TestNG.java:1212)
org.testng.TestNG.runSuitesLocally(TestNG.java:1134)
org.testng.TestNG.runSuites(TestNG.java:1063)
org.testng.TestNG.run(TestNG.java:1031)
com.intellij.rt.testng.IDEARemoteTestNG.run(IDEARemoteTestNG.java:66)
com.intellij.rt.testng.RemoteTestNGStarter.main(RemoteTestNGStarter.java:109)
